<?xml version="1.0" encoding="UTF-8"?>
<testsuite name="com.helloworld.test.StreamLambdaHandlerTest" tests="2" skipped="0" failures="0" errors="0" timestamp="2025-03-03T09:05:35" hostname="Kyaws-MacBook-Pro.local" time="0.041">
  <properties/>
  <testcase name="ping_streamRequest_respondsWithHello()" classname="com.helloworld.test.StreamLambdaHandlerTest" time="0.038"/>
  <testcase name="invalidResource_streamRequest_responds404()" classname="com.helloworld.test.StreamLambdaHandlerTest" time="0.002"/>
  <system-out><![CDATA[16:05:35.181 [Test worker] INFO com.amazonaws.serverless.proxy.internal.LambdaContainerHandler -- Starting Lambda Container Handler

  .   ____          _            __ _ _
 /\\ / ___'_ __ _ _(_)_ __  __ _ \ \ \ \
( ( )\___ | '_ | '_| | '_ \/ _` | \ \ \ \
 \\/  ___)| |_)| | | | | || (_| |  ) ) ) )
  '  |____| .__|_| |_|_| |_\__, | / / / /
 =========|_|==============|___/=/_/_/_/

 :: Spring Boot ::                (v3.4.2)

2025-03-03T16:05:35.796+07:00  WARN 20941 --- [    Test worker] o.s.web.servlet.PageNotFound             : No mapping for GET /pong
2025-03-03T16:05:35.797+07:00  WARN 20941 --- [    Test worker] o.s.web.servlet.PageNotFound             : No endpoint GET /pong.
]]></system-out>
  <system-err><![CDATA[]]></system-err>
</testsuite>
